---------------------------------------------------------------
[ 2018-11-23T22:32:49+08:00 ] 127.0.0.1 GET /
[ info ] 127.0.0.1/ [运行时间：0.372021s][吞吐率：2.69req/s] [内存消耗：1,779.21kb] [文件加载：46]
[ info ] [ LANG ] E:\php\demo\tplay_yz\tplay\thinkphp\lang\zh-cn.php
[ info ] [ DB ] INIT mysql
[ info ] [ ROUTE ] array (
  'type' => 'module',
  'module' => 
  array (
    0 => '',
    1 => NULL,
    2 => NULL,
  ),
)
[ info ] [ HEADER ] array (
  'accept-language' => 'zh-CN,zh;q=0.9',
  'accept-encoding' => 'gzip, deflate, br',
  'accept' => 'text/html,application/xhtml+xml,application/xml;q=0.9,image/webp,image/apng,*/*;q=0.8',
  'user-agent' => 'Mozilla/5.0 (Windows NT 6.1; Win64; x64) AppleWebKit/537.36 (KHTML, like Gecko) Chrome/70.0.3538.110 Safari/537.36',
  'upgrade-insecure-requests' => '1',
  'connection' => 'close',
  'host' => '127.0.0.1',
)
[ info ] [ PARAM ] array (
)
[ info ] [ RUN ] app\index\controller\Index->index[ E:\php\demo\tplay_yz\tplay\app\index\controller\Index.php ]
[ info ] [ LOG ] INIT File
[ sql ] [ DB ] CONNECT:[ UseTime:0.002000s ] mysql:host=127.0.0.1;port=3306;dbname=root;charset=utf8
[ sql ] [ SQL ] SHOW COLUMNS FROM `tplay_urlconfig` [ RunTime:0.004001s ]
[ sql ] [ SQL ] SELECT `aliases`,`url` FROM `tplay_urlconfig` WHERE  `status` = 1 [ RunTime:0.000000s ]
---------------------------------------------------------------
[ 2018-11-23T22:34:28+08:00 ] 127.0.0.1 GET /admin
[ info ] 127.0.0.1/admin [运行时间：0.095005s][吞吐率：10.53req/s] [内存消耗：2,136.53kb] [文件加载：56]
[ info ] [ LANG ] E:\php\demo\tplay_yz\tplay\thinkphp\lang\zh-cn.php
[ info ] [ DB ] INIT mysql
[ info ] [ ROUTE ] array (
  'type' => 'module',
  'module' => 
  array (
    0 => 'admin',
    1 => NULL,
    2 => NULL,
  ),
)
[ info ] [ HEADER ] array (
  'accept-language' => 'zh-CN,zh;q=0.9',
  'accept-encoding' => 'gzip, deflate, br',
  'accept' => 'text/html,application/xhtml+xml,application/xml;q=0.9,image/webp,image/apng,*/*;q=0.8',
  'user-agent' => 'Mozilla/5.0 (Windows NT 6.1; Win64; x64) AppleWebKit/537.36 (KHTML, like Gecko) Chrome/70.0.3538.110 Safari/537.36',
  'upgrade-insecure-requests' => '1',
  'cache-control' => 'max-age=0',
  'connection' => 'close',
  'host' => '127.0.0.1',
)
[ info ] [ PARAM ] array (
  '/admin' => '',
)
[ info ] [ SESSION ] INIT array (
  'id' => '',
  'var_session_id' => '',
  'prefix' => 'think',
  'type' => '',
  'auto_start' => true,
)
[ info ] [ LOG ] INIT File
[ sql ] [ DB ] CONNECT:[ UseTime:0.010001s ] mysql:host=127.0.0.1;port=3306;dbname=root;charset=utf8
[ sql ] [ SQL ] SHOW COLUMNS FROM `tplay_urlconfig` [ RunTime:0.003000s ]
[ sql ] [ SQL ] SELECT `aliases`,`url` FROM `tplay_urlconfig` WHERE  `status` = 1 [ RunTime:0.000000s ]
[ sql ] [ SQL ] SHOW COLUMNS FROM `tplay_webconfig` [ RunTime:0.003000s ]
[ sql ] [ SQL ] SELECT `black_ip` FROM `tplay_webconfig` WHERE  `web` = 'web' LIMIT 1 [ RunTime:0.001000s ]
---------------------------------------------------------------
[ 2018-11-23T22:34:28+08:00 ] 127.0.0.1 GET /admin/common/login.shtml
[ info ] 127.0.0.1/admin/common/login.shtml [运行时间：0.230014s][吞吐率：4.35req/s] [内存消耗：2,278.55kb] [文件加载：57]
[ info ] [ LANG ] E:\php\demo\tplay_yz\tplay\thinkphp\lang\zh-cn.php
[ info ] [ DB ] INIT mysql
[ info ] [ ROUTE ] array (
  'type' => 'module',
  'module' => 
  array (
    0 => 'admin',
    1 => 'common',
    2 => 'login',
  ),
)
[ info ] [ HEADER ] array (
  'cookie' => 'PHPSESSID=ajhhl36k9n9074okvgsht25861',
  'accept-language' => 'zh-CN,zh;q=0.9',
  'accept-encoding' => 'gzip, deflate, br',
  'accept' => 'text/html,application/xhtml+xml,application/xml;q=0.9,image/webp,image/apng,*/*;q=0.8',
  'user-agent' => 'Mozilla/5.0 (Windows NT 6.1; Win64; x64) AppleWebKit/537.36 (KHTML, like Gecko) Chrome/70.0.3538.110 Safari/537.36',
  'upgrade-insecure-requests' => '1',
  'cache-control' => 'max-age=0',
  'connection' => 'close',
  'host' => '127.0.0.1',
)
[ info ] [ PARAM ] array (
  '/admin/common/login_shtml' => '',
)
[ info ] [ RUN ] app\admin\controller\Common->login[ E:\php\demo\tplay_yz\tplay\app\admin\controller\Common.php ]
[ info ] [ SESSION ] INIT array (
  'id' => '',
  'var_session_id' => '',
  'prefix' => 'think',
  'type' => '',
  'auto_start' => true,
)
[ info ] [ VIEW ] E:\php\demo\tplay_yz\tplay\public/../app/admin\view\common\login.html [ array (
) ]
[ info ] [ LOG ] INIT File
[ sql ] [ DB ] CONNECT:[ UseTime:0.001000s ] mysql:host=127.0.0.1;port=3306;dbname=root;charset=utf8
[ sql ] [ SQL ] SHOW COLUMNS FROM `tplay_urlconfig` [ RunTime:0.004001s ]
[ sql ] [ SQL ] SELECT `aliases`,`url` FROM `tplay_urlconfig` WHERE  `status` = 1 [ RunTime:0.000000s ]
---------------------------------------------------------------
[ 2018-11-23T22:34:28+08:00 ] 127.0.0.1 GET /captcha.shtml
[ info ] 127.0.0.1/captcha.shtml [运行时间：0.084005s][吞吐率：11.90req/s] [内存消耗：1,832.91kb] [文件加载：45]
[ info ] [ LANG ] E:\php\demo\tplay_yz\tplay\thinkphp\lang\zh-cn.php
[ info ] [ DB ] INIT mysql
[ info ] [ ROUTE ] array (
  'type' => 'method',
  'method' => 
  array (
    0 => '\\think\\captcha\\CaptchaController',
    1 => 'index',
  ),
  'var' => 
  array (
  ),
)
[ info ] [ HEADER ] array (
  'cookie' => 'PHPSESSID=ajhhl36k9n9074okvgsht25861',
  'accept-language' => 'zh-CN,zh;q=0.9',
  'accept-encoding' => 'gzip, deflate, br',
  'referer' => 'http://127.0.0.1/admin/common/login.shtml',
  'accept' => 'image/webp,image/apng,image/*,*/*;q=0.8',
  'user-agent' => 'Mozilla/5.0 (Windows NT 6.1; Win64; x64) AppleWebKit/537.36 (KHTML, like Gecko) Chrome/70.0.3538.110 Safari/537.36',
  'connection' => 'close',
  'host' => '127.0.0.1',
)
[ info ] [ PARAM ] array (
  '/captcha_shtml' => '',
  'id' => NULL,
)
[ info ] [ RUN ] think\captcha\CaptchaController->index[ E:\php\demo\tplay_yz\tplay\vendor\topthink\think-captcha\src\CaptchaController.php ]
[ info ] [ SESSION ] INIT array (
  'id' => '',
  'var_session_id' => '',
  'prefix' => 'think',
  'type' => '',
  'auto_start' => true,
)
[ info ] [ LOG ] INIT File
[ sql ] [ DB ] CONNECT:[ UseTime:0.011001s ] mysql:host=127.0.0.1;port=3306;dbname=root;charset=utf8
[ sql ] [ SQL ] SHOW COLUMNS FROM `tplay_urlconfig` [ RunTime:0.003000s ]
[ sql ] [ SQL ] SELECT `aliases`,`url` FROM `tplay_urlconfig` WHERE  `status` = 1 [ RunTime:0.001000s ]
---------------------------------------------------------------
[ 2018-11-23T22:34:53+08:00 ] 127.0.0.1 POST /admin/common/login.shtml
[ info ] 127.0.0.1/admin/common/login.shtml [运行时间：0.206011s][吞吐率：4.85req/s] [内存消耗：2,241.92kb] [文件加载：60]
[ info ] [ LANG ] E:\php\demo\tplay_yz\tplay\thinkphp\lang\zh-cn.php
[ info ] [ DB ] INIT mysql
[ info ] [ ROUTE ] array (
  'type' => 'module',
  'module' => 
  array (
    0 => 'admin',
    1 => 'common',
    2 => 'login',
  ),
)
[ info ] [ HEADER ] array (
  'cookie' => 'PHPSESSID=ajhhl36k9n9074okvgsht25861',
  'accept-language' => 'zh-CN,zh;q=0.9',
  'accept-encoding' => 'gzip, deflate, br',
  'referer' => 'http://127.0.0.1/admin/common/login.shtml',
  'content-type' => 'application/x-www-form-urlencoded; charset=UTF-8',
  'user-agent' => 'Mozilla/5.0 (Windows NT 6.1; Win64; x64) AppleWebKit/537.36 (KHTML, like Gecko) Chrome/70.0.3538.110 Safari/537.36',
  'x-requested-with' => 'XMLHttpRequest',
  'origin' => 'http://127.0.0.1',
  'accept' => '*/*',
  'content-length' => '100',
  'connection' => 'close',
  'host' => '127.0.0.1',
)
[ info ] [ PARAM ] array (
  '/admin/common/login_shtml' => '',
  'name' => 'admin',
  'password' => 'tplay',
  'captcha' => 'A35K',
  'remember' => '1',
  '__token__' => '793b1ae846be88ad17e0cfaeefaa32e255dd807f',
)
[ info ] [ RUN ] app\admin\controller\Common->login[ E:\php\demo\tplay_yz\tplay\app\admin\controller\Common.php ]
[ info ] [ SESSION ] INIT array (
  'id' => '',
  'var_session_id' => '',
  'prefix' => 'think',
  'type' => '',
  'auto_start' => true,
)
[ info ] [ CACHE ] INIT File
[ info ] [ LOG ] INIT File
[ sql ] [ DB ] CONNECT:[ UseTime:0.001000s ] mysql:host=127.0.0.1;port=3306;dbname=root;charset=utf8
[ sql ] [ SQL ] SHOW COLUMNS FROM `tplay_urlconfig` [ RunTime:0.004000s ]
[ sql ] [ SQL ] SELECT `aliases`,`url` FROM `tplay_urlconfig` WHERE  `status` = 1 [ RunTime:0.001000s ]
[ sql ] [ SQL ] SHOW COLUMNS FROM `tplay_admin` [ RunTime:0.004000s ]
[ sql ] [ SQL ] SELECT * FROM `tplay_admin` WHERE  `name` = 'admin' LIMIT 1 [ RunTime:0.000000s ]
[ sql ] [ SQL ] UPDATE `tplay_admin`  SET `login_ip`='127.0.0.1',`login_time`=1542983693  WHERE  `id` = 1 [ RunTime:0.001000s ]
[ sql ] [ SQL ] SHOW COLUMNS FROM `tplay_webconfig` [ RunTime:0.007001s ]
[ sql ] [ SQL ] SELECT * FROM `tplay_webconfig` WHERE  `web` = 'web' LIMIT 1 [ RunTime:0.000000s ]
[ sql ] [ SQL ] SHOW COLUMNS FROM `tplay_admin_menu` [ RunTime:0.007000s ]
[ sql ] [ SQL ] SELECT `id` FROM `tplay_admin_menu` WHERE  `module` = 'admin'  AND `controller` = 'Common'  AND `function` = 'login'  AND `parameter` = 'common=' LIMIT 1 [ RunTime:0.000000s ]
[ sql ] [ SQL ] SELECT `id` FROM `tplay_admin_menu` WHERE  `module` = 'admin'  AND `controller` = 'Common'  AND `function` = 'login' LIMIT 1 [ RunTime:0.000000s ]
[ sql ] [ SQL ] SHOW COLUMNS FROM `tplay_admin_log` [ RunTime:0.007001s ]
[ sql ] [ SQL ] INSERT INTO `tplay_admin_log` (`operation_id` , `admin_id` , `ip` , `create_time` , `admin_menu_id`) VALUES ('' , 1 , '127.0.0.1' , 1542983693 , 50) [ RunTime:0.000000s ]
---------------------------------------------------------------
[ 2018-11-23T22:34:53+08:00 ] 127.0.0.1 POST /admin/common/login.shtml
[ info ] 127.0.0.1/admin/common/login.shtml [运行时间：0.041002s][吞吐率：24.39req/s] [内存消耗：2,136.92kb] [文件加载：55]
[ info ] [ LANG ] E:\php\demo\tplay_yz\tplay\thinkphp\lang\zh-cn.php
[ info ] [ DB ] INIT mysql
[ info ] [ ROUTE ] array (
  'type' => 'module',
  'module' => 
  array (
    0 => 'admin',
    1 => 'common',
    2 => 'login',
  ),
)
[ info ] [ HEADER ] array (
  'cookie' => 'PHPSESSID=ajhhl36k9n9074okvgsht25861; usermember=admin',
  'accept-language' => 'zh-CN,zh;q=0.9',
  'accept-encoding' => 'gzip, deflate, br',
  'referer' => 'http://127.0.0.1/admin/common/login.shtml',
  'content-type' => 'application/x-www-form-urlencoded; charset=UTF-8',
  'user-agent' => 'Mozilla/5.0 (Windows NT 6.1; Win64; x64) AppleWebKit/537.36 (KHTML, like Gecko) Chrome/70.0.3538.110 Safari/537.36',
  'x-requested-with' => 'XMLHttpRequest',
  'origin' => 'http://127.0.0.1',
  'accept' => '*/*',
  'content-length' => '100',
  'connection' => 'close',
  'host' => '127.0.0.1',
)
[ info ] [ PARAM ] array (
  '/admin/common/login_shtml' => '',
  'name' => 'admin',
  'password' => 'tplay',
  'captcha' => 'A35K',
  'remember' => '1',
  '__token__' => '793b1ae846be88ad17e0cfaeefaa32e255dd807f',
)
[ info ] [ RUN ] app\admin\controller\Common->login[ E:\php\demo\tplay_yz\tplay\app\admin\controller\Common.php ]
[ info ] [ SESSION ] INIT array (
  'id' => '',
  'var_session_id' => '',
  'prefix' => 'think',
  'type' => '',
  'auto_start' => true,
)
[ info ] [ LOG ] INIT File
[ sql ] [ DB ] CONNECT:[ UseTime:0.001000s ] mysql:host=127.0.0.1;port=3306;dbname=root;charset=utf8
[ sql ] [ SQL ] SHOW COLUMNS FROM `tplay_urlconfig` [ RunTime:0.004001s ]
[ sql ] [ SQL ] SELECT `aliases`,`url` FROM `tplay_urlconfig` WHERE  `status` = 1 [ RunTime:0.000000s ]
---------------------------------------------------------------
[ 2018-11-23T22:34:54+08:00 ] 127.0.0.1 GET /admin/index/index.shtml
[ info ] 127.0.0.1/admin/index/index.shtml [运行时间：0.184010s][吞吐率：5.43req/s] [内存消耗：2,335.09kb] [文件加载：58]
[ info ] [ LANG ] E:\php\demo\tplay_yz\tplay\thinkphp\lang\zh-cn.php
[ info ] [ DB ] INIT mysql
[ info ] [ ROUTE ] array (
  'type' => 'module',
  'module' => 
  array (
    0 => 'admin',
    1 => 'index',
    2 => 'index',
  ),
)
[ info ] [ HEADER ] array (
  'cookie' => 'PHPSESSID=ajhhl36k9n9074okvgsht25861; usermember=admin',
  'accept-language' => 'zh-CN,zh;q=0.9',
  'accept-encoding' => 'gzip, deflate, br',
  'referer' => 'http://127.0.0.1/admin/common/login.shtml',
  'user-agent' => 'Mozilla/5.0 (Windows NT 6.1; Win64; x64) AppleWebKit/537.36 (KHTML, like Gecko) Chrome/70.0.3538.110 Safari/537.36',
  'x-requested-with' => 'XMLHttpRequest',
  'accept' => '*/*',
  'connection' => 'close',
  'host' => '127.0.0.1',
)
[ info ] [ PARAM ] array (
  '/admin/index/index_shtml' => '',
)
[ info ] [ SESSION ] INIT array (
  'id' => '',
  'var_session_id' => '',
  'prefix' => 'think',
  'type' => '',
  'auto_start' => true,
)
[ info ] [ RUN ] app\admin\controller\Index->index[ E:\php\demo\tplay_yz\tplay\app\admin\controller\Index.php ]
[ info ] [ VIEW ] E:\php\demo\tplay_yz\tplay\public/../app/admin\view\index\index.html [ array (
  0 => 'menus',
  1 => 'cookie',
) ]
[ info ] [ LOG ] INIT File
[ sql ] [ DB ] CONNECT:[ UseTime:0.001000s ] mysql:host=127.0.0.1;port=3306;dbname=root;charset=utf8
[ sql ] [ SQL ] SHOW COLUMNS FROM `tplay_urlconfig` [ RunTime:0.003000s ]
[ sql ] [ SQL ] SELECT `aliases`,`url` FROM `tplay_urlconfig` WHERE  `status` = 1 [ RunTime:0.000000s ]
[ sql ] [ SQL ] SHOW COLUMNS FROM `tplay_webconfig` [ RunTime:0.003000s ]
[ sql ] [ SQL ] SELECT `black_ip` FROM `tplay_webconfig` WHERE  `web` = 'web' LIMIT 1 [ RunTime:0.000000s ]
[ sql ] [ SQL ] SHOW COLUMNS FROM `tplay_admin_cate` [ RunTime:0.003000s ]
[ sql ] [ SQL ] SELECT `permissions` FROM `tplay_admin_cate` WHERE  `id` = 1 LIMIT 1 [ RunTime:0.000000s ]
[ sql ] [ SQL ] SHOW COLUMNS FROM `tplay_admin_menu` [ RunTime:0.003000s ]
[ sql ] [ SQL ] SELECT * FROM `tplay_admin_menu` WHERE  `module` = 'admin'  AND `controller` = 'Index'  AND `function` = 'index'  AND `type` = 1  AND `parameter` = '/admin/index/index_shtml=' LIMIT 1 [ RunTime:0.000000s ]
[ sql ] [ SQL ] SELECT * FROM `tplay_admin_menu` WHERE  `module` = 'admin'  AND `controller` = 'Index'  AND `function` = 'index'  AND `type` = 1 LIMIT 1 [ RunTime:0.000000s ]
[ sql ] [ SQL ] SELECT * FROM `tplay_admin_menu` WHERE  `is_display` = 1 ORDER BY orders asc [ RunTime:0.001000s ]
[ sql ] [ SQL ] SELECT `permissions` FROM `tplay_admin_cate` WHERE  `id` = 1 LIMIT 1 [ RunTime:0.000000s ]
[ sql ] [ SQL ] SHOW COLUMNS FROM `tplay_admin` [ RunTime:0.003000s ]
[ sql ] [ SQL ] SELECT * FROM `tplay_admin` WHERE  `id` = 1 LIMIT 1 [ RunTime:0.000000s ]
[ sql ] [ SQL ] SHOW COLUMNS FROM `tplay_attachment` [ RunTime:0.007000s ]
[ sql ] [ SQL ] SELECT * FROM `tplay_attachment` WHERE  `id` = 1 LIMIT 1 [ RunTime:0.001000s ]
---------------------------------------------------------------
[ 2018-11-23T22:34:54+08:00 ] 127.0.0.1 GET /captcha.shtml?seed=0.7926664114351092
[ info ] 127.0.0.1/captcha.shtml?seed=0.7926664114351092 [运行时间：0.045002s][吞吐率：22.22req/s] [内存消耗：1,833.11kb] [文件加载：45]
[ info ] [ LANG ] E:\php\demo\tplay_yz\tplay\thinkphp\lang\zh-cn.php
[ info ] [ DB ] INIT mysql
[ info ] [ ROUTE ] array (
  'type' => 'method',
  'method' => 
  array (
    0 => '\\think\\captcha\\CaptchaController',
    1 => 'index',
  ),
  'var' => 
  array (
  ),
)
[ info ] [ HEADER ] array (
  'cookie' => 'PHPSESSID=ajhhl36k9n9074okvgsht25861; usermember=admin',
  'accept-language' => 'zh-CN,zh;q=0.9',
  'accept-encoding' => 'gzip, deflate, br',
  'referer' => 'http://127.0.0.1/admin/common/login.shtml',
  'accept' => 'image/webp,image/apng,image/*,*/*;q=0.8',
  'user-agent' => 'Mozilla/5.0 (Windows NT 6.1; Win64; x64) AppleWebKit/537.36 (KHTML, like Gecko) Chrome/70.0.3538.110 Safari/537.36',
  'connection' => 'close',
  'host' => '127.0.0.1',
)
[ info ] [ PARAM ] array (
  '/captcha_shtml' => '',
  'seed' => '0.7926664114351092',
  'id' => NULL,
)
[ info ] [ RUN ] think\captcha\CaptchaController->index[ E:\php\demo\tplay_yz\tplay\vendor\topthink\think-captcha\src\CaptchaController.php ]
[ info ] [ SESSION ] INIT array (
  'id' => '',
  'var_session_id' => '',
  'prefix' => 'think',
  'type' => '',
  'auto_start' => true,
)
[ info ] [ LOG ] INIT File
[ sql ] [ DB ] CONNECT:[ UseTime:0.001000s ] mysql:host=127.0.0.1;port=3306;dbname=root;charset=utf8
[ sql ] [ SQL ] SHOW COLUMNS FROM `tplay_urlconfig` [ RunTime:0.004001s ]
[ sql ] [ SQL ] SELECT `aliases`,`url` FROM `tplay_urlconfig` WHERE  `status` = 1 [ RunTime:0.000000s ]
---------------------------------------------------------------
[ 2018-11-23T22:34:55+08:00 ] 127.0.0.1 POST /admin/common/login.shtml
[ info ] 127.0.0.1/admin/common/login.shtml [运行时间：0.071004s][吞吐率：14.08req/s] [内存消耗：2,137.52kb] [文件加载：55]
[ info ] [ LANG ] E:\php\demo\tplay_yz\tplay\thinkphp\lang\zh-cn.php
[ info ] [ DB ] INIT mysql
[ info ] [ ROUTE ] array (
  'type' => 'module',
  'module' => 
  array (
    0 => 'admin',
    1 => 'common',
    2 => 'login',
  ),
)
[ info ] [ HEADER ] array (
  'cookie' => 'PHPSESSID=ajhhl36k9n9074okvgsht25861; usermember=admin',
  'accept-language' => 'zh-CN,zh;q=0.9',
  'accept-encoding' => 'gzip, deflate, br',
  'referer' => 'http://127.0.0.1/admin/common/login.shtml',
  'content-type' => 'application/x-www-form-urlencoded; charset=UTF-8',
  'user-agent' => 'Mozilla/5.0 (Windows NT 6.1; Win64; x64) AppleWebKit/537.36 (KHTML, like Gecko) Chrome/70.0.3538.110 Safari/537.36',
  'x-requested-with' => 'XMLHttpRequest',
  'origin' => 'http://127.0.0.1',
  'accept' => '*/*',
  'content-length' => '100',
  'connection' => 'close',
  'host' => '127.0.0.1',
)
[ info ] [ PARAM ] array (
  '/admin/common/login_shtml' => '',
  'name' => 'admin',
  'password' => 'tplay',
  'captcha' => 'A35K',
  'remember' => '1',
  '__token__' => '793b1ae846be88ad17e0cfaeefaa32e255dd807f',
)
[ info ] [ RUN ] app\admin\controller\Common->login[ E:\php\demo\tplay_yz\tplay\app\admin\controller\Common.php ]
[ info ] [ SESSION ] INIT array (
  'id' => '',
  'var_session_id' => '',
  'prefix' => 'think',
  'type' => '',
  'auto_start' => true,
)
[ info ] [ LOG ] INIT File
[ sql ] [ DB ] CONNECT:[ UseTime:0.000000s ] mysql:host=127.0.0.1;port=3306;dbname=root;charset=utf8
[ sql ] [ SQL ] SHOW COLUMNS FROM `tplay_urlconfig` [ RunTime:0.003000s ]
[ sql ] [ SQL ] SELECT `aliases`,`url` FROM `tplay_urlconfig` WHERE  `status` = 1 [ RunTime:0.000000s ]
---------------------------------------------------------------
[ 2018-11-23T22:34:55+08:00 ] 127.0.0.1 GET /admin/index/index.shtml
[ info ] 127.0.0.1/admin/index/index.shtml [运行时间：0.089005s][吞吐率：11.24req/s] [内存消耗：2,208.02kb] [文件加载：56]
[ info ] [ LANG ] E:\php\demo\tplay_yz\tplay\thinkphp\lang\zh-cn.php
[ info ] [ DB ] INIT mysql
[ info ] [ ROUTE ] array (
  'type' => 'module',
  'module' => 
  array (
    0 => 'admin',
    1 => 'index',
    2 => 'index',
  ),
)
[ info ] [ HEADER ] array (
  'cookie' => 'PHPSESSID=ajhhl36k9n9074okvgsht25861; usermember=admin',
  'accept-language' => 'zh-CN,zh;q=0.9',
  'accept-encoding' => 'gzip, deflate, br',
  'referer' => 'http://127.0.0.1/admin/common/login.shtml',
  'user-agent' => 'Mozilla/5.0 (Windows NT 6.1; Win64; x64) AppleWebKit/537.36 (KHTML, like Gecko) Chrome/70.0.3538.110 Safari/537.36',
  'x-requested-with' => 'XMLHttpRequest',
  'accept' => '*/*',
  'connection' => 'close',
  'host' => '127.0.0.1',
)
[ info ] [ PARAM ] array (
  '/admin/index/index_shtml' => '',
)
[ info ] [ SESSION ] INIT array (
  'id' => '',
  'var_session_id' => '',
  'prefix' => 'think',
  'type' => '',
  'auto_start' => true,
)
[ info ] [ RUN ] app\admin\controller\Index->index[ E:\php\demo\tplay_yz\tplay\app\admin\controller\Index.php ]
[ info ] [ VIEW ] E:\php\demo\tplay_yz\tplay\public/../app/admin\view\index\index.html [ array (
  0 => 'menus',
  1 => 'cookie',
) ]
[ info ] [ LOG ] INIT File
[ sql ] [ DB ] CONNECT:[ UseTime:0.010001s ] mysql:host=127.0.0.1;port=3306;dbname=root;charset=utf8
[ sql ] [ SQL ] SHOW COLUMNS FROM `tplay_urlconfig` [ RunTime:0.004000s ]
[ sql ] [ SQL ] SELECT `aliases`,`url` FROM `tplay_urlconfig` WHERE  `status` = 1 [ RunTime:0.001000s ]
[ sql ] [ SQL ] SHOW COLUMNS FROM `tplay_webconfig` [ RunTime:0.004001s ]
[ sql ] [ SQL ] SELECT `black_ip` FROM `tplay_webconfig` WHERE  `web` = 'web' LIMIT 1 [ RunTime:0.000000s ]
[ sql ] [ SQL ] SHOW COLUMNS FROM `tplay_admin_cate` [ RunTime:0.004000s ]
[ sql ] [ SQL ] SELECT `permissions` FROM `tplay_admin_cate` WHERE  `id` = 1 LIMIT 1 [ RunTime:0.000000s ]
[ sql ] [ SQL ] SHOW COLUMNS FROM `tplay_admin_menu` [ RunTime:0.004000s ]
[ sql ] [ SQL ] SELECT * FROM `tplay_admin_menu` WHERE  `module` = 'admin'  AND `controller` = 'Index'  AND `function` = 'index'  AND `type` = 1  AND `parameter` = '/admin/index/index_shtml=' LIMIT 1 [ RunTime:0.000000s ]
[ sql ] [ SQL ] SELECT * FROM `tplay_admin_menu` WHERE  `module` = 'admin'  AND `controller` = 'Index'  AND `function` = 'index'  AND `type` = 1 LIMIT 1 [ RunTime:0.000000s ]
[ sql ] [ SQL ] SELECT * FROM `tplay_admin_menu` WHERE  `is_display` = 1 ORDER BY orders asc [ RunTime:0.000000s ]
[ sql ] [ SQL ] SELECT `permissions` FROM `tplay_admin_cate` WHERE  `id` = 1 LIMIT 1 [ RunTime:0.000000s ]
[ sql ] [ SQL ] SHOW COLUMNS FROM `tplay_admin` [ RunTime:0.003001s ]
[ sql ] [ SQL ] SELECT * FROM `tplay_admin` WHERE  `id` = 1 LIMIT 1 [ RunTime:0.000000s ]
[ sql ] [ SQL ] SHOW COLUMNS FROM `tplay_attachment` [ RunTime:0.004000s ]
[ sql ] [ SQL ] SELECT * FROM `tplay_attachment` WHERE  `id` = 1 LIMIT 1 [ RunTime:0.000000s ]
---------------------------------------------------------------
[ 2018-11-23T22:34:55+08:00 ] 127.0.0.1 GET /captcha.shtml?seed=0.15905841077118144
[ info ] 127.0.0.1/captcha.shtml?seed=0.15905841077118144 [运行时间：0.048003s][吞吐率：20.83req/s] [内存消耗：1,833.30kb] [文件加载：45]
[ info ] [ LANG ] E:\php\demo\tplay_yz\tplay\thinkphp\lang\zh-cn.php
[ info ] [ DB ] INIT mysql
[ info ] [ ROUTE ] array (
  'type' => 'method',
  'method' => 
  array (
    0 => '\\think\\captcha\\CaptchaController',
    1 => 'index',
  ),
  'var' => 
  array (
  ),
)
[ info ] [ HEADER ] array (
  'cookie' => 'PHPSESSID=ajhhl36k9n9074okvgsht25861; usermember=admin',
  'accept-language' => 'zh-CN,zh;q=0.9',
  'accept-encoding' => 'gzip, deflate, br',
  'referer' => 'http://127.0.0.1/admin/common/login.shtml',
  'accept' => 'image/webp,image/apng,image/*,*/*;q=0.8',
  'user-agent' => 'Mozilla/5.0 (Windows NT 6.1; Win64; x64) AppleWebKit/537.36 (KHTML, like Gecko) Chrome/70.0.3538.110 Safari/537.36',
  'connection' => 'close',
  'host' => '127.0.0.1',
)
[ info ] [ PARAM ] array (
  '/captcha_shtml' => '',
  'seed' => '0.15905841077118144',
  'id' => NULL,
)
[ info ] [ RUN ] think\captcha\CaptchaController->index[ E:\php\demo\tplay_yz\tplay\vendor\topthink\think-captcha\src\CaptchaController.php ]
[ info ] [ SESSION ] INIT array (
  'id' => '',
  'var_session_id' => '',
  'prefix' => 'think',
  'type' => '',
  'auto_start' => true,
)
[ info ] [ LOG ] INIT File
[ sql ] [ DB ] CONNECT:[ UseTime:0.002000s ] mysql:host=127.0.0.1;port=3306;dbname=root;charset=utf8
[ sql ] [ SQL ] SHOW COLUMNS FROM `tplay_urlconfig` [ RunTime:0.005000s ]
[ sql ] [ SQL ] SELECT `aliases`,`url` FROM `tplay_urlconfig` WHERE  `status` = 1 [ RunTime:0.001000s ]
---------------------------------------------------------------
[ 2018-11-23T22:34:56+08:00 ] 127.0.0.1 GET /admin/index/index.shtml
[ info ] 127.0.0.1/admin/index/index.shtml [运行时间：0.123007s][吞吐率：8.13req/s] [内存消耗：2,188.69kb] [文件加载：55]
[ info ] [ LANG ] E:\php\demo\tplay_yz\tplay\thinkphp\lang\zh-cn.php
[ info ] [ DB ] INIT mysql
[ info ] [ ROUTE ] array (
  'type' => 'module',
  'module' => 
  array (
    0 => 'admin',
    1 => 'index',
    2 => 'index',
  ),
)
[ info ] [ HEADER ] array (
  'cookie' => 'PHPSESSID=ajhhl36k9n9074okvgsht25861; usermember=admin',
  'accept-language' => 'zh-CN,zh;q=0.9',
  'accept-encoding' => 'gzip, deflate, br',
  'referer' => 'http://127.0.0.1/admin/common/login.shtml',
  'accept' => 'text/html,application/xhtml+xml,application/xml;q=0.9,image/webp,image/apng,*/*;q=0.8',
  'user-agent' => 'Mozilla/5.0 (Windows NT 6.1; Win64; x64) AppleWebKit/537.36 (KHTML, like Gecko) Chrome/70.0.3538.110 Safari/537.36',
  'upgrade-insecure-requests' => '1',
  'connection' => 'close',
  'host' => '127.0.0.1',
)
[ info ] [ PARAM ] array (
  '/admin/index/index_shtml' => '',
)
[ info ] [ SESSION ] INIT array (
  'id' => '',
  'var_session_id' => '',
  'prefix' => 'think',
  'type' => '',
  'auto_start' => true,
)
[ info ] [ RUN ] app\admin\controller\Index->index[ E:\php\demo\tplay_yz\tplay\app\admin\controller\Index.php ]
[ info ] [ VIEW ] E:\php\demo\tplay_yz\tplay\public/../app/admin\view\index\index.html [ array (
  0 => 'menus',
  1 => 'cookie',
) ]
[ info ] [ LOG ] INIT File
[ sql ] [ DB ] CONNECT:[ UseTime:0.010000s ] mysql:host=127.0.0.1;port=3306;dbname=root;charset=utf8
[ sql ] [ SQL ] SHOW COLUMNS FROM `tplay_urlconfig` [ RunTime:0.004001s ]
[ sql ] [ SQL ] SELECT `aliases`,`url` FROM `tplay_urlconfig` WHERE  `status` = 1 [ RunTime:0.001000s ]
[ sql ] [ SQL ] SHOW COLUMNS FROM `tplay_webconfig` [ RunTime:0.004000s ]
[ sql ] [ SQL ] SELECT `black_ip` FROM `tplay_webconfig` WHERE  `web` = 'web' LIMIT 1 [ RunTime:0.000000s ]
[ sql ] [ SQL ] SHOW COLUMNS FROM `tplay_admin_cate` [ RunTime:0.005000s ]
[ sql ] [ SQL ] SELECT `permissions` FROM `tplay_admin_cate` WHERE  `id` = 1 LIMIT 1 [ RunTime:0.001000s ]
[ sql ] [ SQL ] SHOW COLUMNS FROM `tplay_admin_menu` [ RunTime:0.005000s ]
[ sql ] [ SQL ] SELECT * FROM `tplay_admin_menu` WHERE  `module` = 'admin'  AND `controller` = 'Index'  AND `function` = 'index'  AND `type` = 1  AND `parameter` = '/admin/index/index_shtml=' LIMIT 1 [ RunTime:0.001000s ]
[ sql ] [ SQL ] SELECT * FROM `tplay_admin_menu` WHERE  `module` = 'admin'  AND `controller` = 'Index'  AND `function` = 'index'  AND `type` = 1 LIMIT 1 [ RunTime:0.000000s ]
[ sql ] [ SQL ] SELECT * FROM `tplay_admin_menu` WHERE  `is_display` = 1 ORDER BY orders asc [ RunTime:0.001000s ]
[ sql ] [ SQL ] SELECT `permissions` FROM `tplay_admin_cate` WHERE  `id` = 1 LIMIT 1 [ RunTime:0.001000s ]
[ sql ] [ SQL ] SHOW COLUMNS FROM `tplay_admin` [ RunTime:0.005001s ]
[ sql ] [ SQL ] SELECT * FROM `tplay_admin` WHERE  `id` = 1 LIMIT 1 [ RunTime:0.001000s ]
[ sql ] [ SQL ] SHOW COLUMNS FROM `tplay_attachment` [ RunTime:0.005000s ]
[ sql ] [ SQL ] SELECT * FROM `tplay_attachment` WHERE  `id` = 1 LIMIT 1 [ RunTime:0.001001s ]
---------------------------------------------------------------
[ 2018-11-23T22:34:57+08:00 ] 127.0.0.1 GET /admin/main/index
[ info ] 127.0.0.1/admin/main/index [运行时间：0.191011s][吞吐率：5.24req/s] [内存消耗：2,286.26kb] [文件加载：56]
[ info ] [ LANG ] E:\php\demo\tplay_yz\tplay\thinkphp\lang\zh-cn.php
[ info ] [ DB ] INIT mysql
[ info ] [ ROUTE ] array (
  'type' => 'module',
  'module' => 
  array (
    0 => 'admin',
    1 => 'main',
    2 => 'index',
  ),
)
[ info ] [ HEADER ] array (
  'cookie' => 'PHPSESSID=ajhhl36k9n9074okvgsht25861; usermember=admin',
  'accept-language' => 'zh-CN,zh;q=0.9',
  'accept-encoding' => 'gzip, deflate, br',
  'referer' => 'http://127.0.0.1/admin/index/index.shtml',
  'accept' => 'text/html,application/xhtml+xml,application/xml;q=0.9,image/webp,image/apng,*/*;q=0.8',
  'user-agent' => 'Mozilla/5.0 (Windows NT 6.1; Win64; x64) AppleWebKit/537.36 (KHTML, like Gecko) Chrome/70.0.3538.110 Safari/537.36',
  'upgrade-insecure-requests' => '1',
  'connection' => 'close',
  'host' => '127.0.0.1',
)
[ info ] [ PARAM ] array (
  '/admin/main/index' => '',
)
[ info ] [ SESSION ] INIT array (
  'id' => '',
  'var_session_id' => '',
  'prefix' => 'think',
  'type' => '',
  'auto_start' => true,
)
[ info ] [ RUN ] app\admin\controller\Main->index[ E:\php\demo\tplay_yz\tplay\app\admin\controller\Main.php ]
[ info ] [ VIEW ] E:\php\demo\tplay_yz\tplay\public/../app/admin\view\main\index.html [ array (
  0 => 'info',
  1 => 'web',
) ]
[ info ] [ LOG ] INIT File
[ sql ] [ DB ] CONNECT:[ UseTime:0.011001s ] mysql:host=127.0.0.1;port=3306;dbname=root;charset=utf8
[ sql ] [ SQL ] SHOW COLUMNS FROM `tplay_urlconfig` [ RunTime:0.004000s ]
[ sql ] [ SQL ] SELECT `aliases`,`url` FROM `tplay_urlconfig` WHERE  `status` = 1 [ RunTime:0.000000s ]
[ sql ] [ SQL ] SHOW COLUMNS FROM `tplay_webconfig` [ RunTime:0.003000s ]
[ sql ] [ SQL ] SELECT `black_ip` FROM `tplay_webconfig` WHERE  `web` = 'web' LIMIT 1 [ RunTime:0.000000s ]
[ sql ] [ SQL ] SHOW COLUMNS FROM `tplay_admin_cate` [ RunTime:0.003000s ]
[ sql ] [ SQL ] SELECT `permissions` FROM `tplay_admin_cate` WHERE  `id` = 1 LIMIT 1 [ RunTime:0.000000s ]
[ sql ] [ SQL ] SHOW COLUMNS FROM `tplay_admin_menu` [ RunTime:0.002000s ]
[ sql ] [ SQL ] SELECT * FROM `tplay_admin_menu` WHERE  `module` = 'admin'  AND `controller` = 'Main'  AND `function` = 'index'  AND `type` = 1  AND `parameter` = 'main=' LIMIT 1 [ RunTime:0.000000s ]
[ sql ] [ SQL ] SELECT * FROM `tplay_admin_menu` WHERE  `module` = 'admin'  AND `controller` = 'Main'  AND `function` = 'index'  AND `type` = 1 LIMIT 1 [ RunTime:0.000000s ]
[ sql ] [ SQL ] SHOW COLUMNS FROM `tplay_admin` [ RunTime:0.003001s ]
[ sql ] [ SQL ] SELECT COUNT(*) AS tp_count FROM `tplay_admin` LIMIT 1 [ RunTime:0.000000s ]
[ sql ] [ SQL ] SELECT COUNT(*) AS tp_count FROM `tplay_admin_cate` LIMIT 1 [ RunTime:0.000000s ]
[ sql ] [ SQL ] SELECT `black_ip` FROM `tplay_webconfig` LIMIT 1 [ RunTime:0.001000s ]
[ sql ] [ SQL ] SHOW COLUMNS FROM `tplay_article` [ RunTime:0.002000s ]
[ sql ] [ SQL ] SELECT COUNT(*) AS tp_count FROM `tplay_article` LIMIT 1 [ RunTime:0.001000s ]
[ sql ] [ SQL ] SELECT COUNT(*) AS tp_count FROM `tplay_article` WHERE  `status` = 0 LIMIT 1 [ RunTime:0.000000s ]
[ sql ] [ SQL ] SELECT COUNT(*) AS tp_count FROM `tplay_article` WHERE  `is_top` = 1 LIMIT 1 [ RunTime:0.000000s ]
[ sql ] [ SQL ] SHOW COLUMNS FROM `tplay_attachment` [ RunTime:0.003000s ]
[ sql ] [ SQL ] SELECT COUNT(*) AS tp_count FROM `tplay_attachment` LIMIT 1 [ RunTime:0.000000s ]
[ sql ] [ SQL ] SELECT COUNT(*) AS tp_count FROM `tplay_attachment` WHERE  `status` = 0 LIMIT 1 [ RunTime:0.000000s ]
[ sql ] [ SQL ] SELECT COUNT(*) AS tp_count FROM `tplay_attachment` WHERE  `status` = -1 LIMIT 1 [ RunTime:0.000000s ]
[ sql ] [ SQL ] SHOW COLUMNS FROM `tplay_messages` [ RunTime:0.003000s ]
[ sql ] [ SQL ] SELECT COUNT(*) AS tp_count FROM `tplay_messages` LIMIT 1 [ RunTime:0.000000s ]
[ sql ] [ SQL ] SELECT COUNT(*) AS tp_count FROM `tplay_messages` WHERE  `is_look` = 0 LIMIT 1 [ RunTime:0.001000s ]
[ sql ] [ SQL ] SHOW COLUMNS FROM `tplay_admin_log` [ RunTime:0.003000s ]
[ sql ] [ SQL ] SELECT COUNT(*) AS tp_count FROM `tplay_admin_log` WHERE  `admin_menu_id` = 50  AND ( `create_time` >= 1542124800 AND `create_time` <= 1542211200 ) LIMIT 1 [ RunTime:0.000000s ]
[ sql ] [ SQL ] SELECT COUNT(*) AS tp_count FROM `tplay_admin_log` WHERE  `admin_menu_id` = 50  AND ( `create_time` >= 1542211200 AND `create_time` <= 1542297600 ) LIMIT 1 [ RunTime:0.000000s ]
[ sql ] [ SQL ] SELECT COUNT(*) AS tp_count FROM `tplay_admin_log` WHERE  `admin_menu_id` = 50  AND ( `create_time` >= 1542297600 AND `create_time` <= 1542384000 ) LIMIT 1 [ RunTime:0.000000s ]
[ sql ] [ SQL ] SELECT COUNT(*) AS tp_count FROM `tplay_admin_log` WHERE  `admin_menu_id` = 50  AND ( `create_time` >= 1542384000 AND `create_time` <= 1542470400 ) LIMIT 1 [ RunTime:0.001000s ]
[ sql ] [ SQL ] SELECT COUNT(*) AS tp_count FROM `tplay_admin_log` WHERE  `admin_menu_id` = 50  AND ( `create_time` >= 1542470400 AND `create_time` <= 1542556800 ) LIMIT 1 [ RunTime:0.000000s ]
[ sql ] [ SQL ] SELECT COUNT(*) AS tp_count FROM `tplay_admin_log` WHERE  `admin_menu_id` = 50  AND ( `create_time` >= 1542556800 AND `create_time` <= 1542643200 ) LIMIT 1 [ RunTime:0.000000s ]
[ sql ] [ SQL ] SELECT COUNT(*) AS tp_count FROM `tplay_admin_log` WHERE  `admin_menu_id` = 50  AND ( `create_time` >= 1542643200 AND `create_time` <= 1542729600 ) LIMIT 1 [ RunTime:0.000000s ]
[ sql ] [ SQL ] SELECT COUNT(*) AS tp_count FROM `tplay_admin_log` WHERE  `admin_menu_id` = 50  AND ( `create_time` >= 1542729600 AND `create_time` <= 1542816000 ) LIMIT 1 [ RunTime:0.001000s ]
[ sql ] [ SQL ] SELECT COUNT(*) AS tp_count FROM `tplay_admin_log` WHERE  `admin_menu_id` = 50  AND ( `create_time` >= 1542816000 AND `create_time` <= 1542902400 ) LIMIT 1 [ RunTime:0.000000s ]
[ sql ] [ SQL ] SELECT COUNT(*) AS tp_count FROM `tplay_admin_log` WHERE  `admin_menu_id` = 50  AND ( `create_time` >= 1542902400 AND `create_time` <= 1542988800 ) LIMIT 1 [ RunTime:0.000000s ]
---------------------------------------------------------------
[ 2018-11-23T22:35:02+08:00 ] 127.0.0.1 GET /admin/attachment/index.shtml
[ info ] 127.0.0.1/admin/attachment/index.shtml [运行时间：0.274016s][吞吐率：3.65req/s] [内存消耗：2,659.84kb] [文件加载：66]
[ info ] [ LANG ] E:\php\demo\tplay_yz\tplay\thinkphp\lang\zh-cn.php
[ info ] [ DB ] INIT mysql
[ info ] [ ROUTE ] array (
  'type' => 'module',
  'module' => 
  array (
    0 => 'admin',
    1 => 'attachment',
    2 => 'index',
  ),
)
[ info ] [ HEADER ] array (
  'cookie' => 'PHPSESSID=ajhhl36k9n9074okvgsht25861; usermember=admin',
  'accept-language' => 'zh-CN,zh;q=0.9',
  'accept-encoding' => 'gzip, deflate, br',
  'referer' => 'http://127.0.0.1/admin/index/index.shtml',
  'accept' => 'text/html,application/xhtml+xml,application/xml;q=0.9,image/webp,image/apng,*/*;q=0.8',
  'user-agent' => 'Mozilla/5.0 (Windows NT 6.1; Win64; x64) AppleWebKit/537.36 (KHTML, like Gecko) Chrome/70.0.3538.110 Safari/537.36',
  'upgrade-insecure-requests' => '1',
  'connection' => 'close',
  'host' => '127.0.0.1',
)
[ info ] [ PARAM ] array (
  '/admin/attachment/index_shtml' => '',
)
[ info ] [ SESSION ] INIT array (
  'id' => '',
  'var_session_id' => '',
  'prefix' => 'think',
  'type' => '',
  'auto_start' => true,
)
[ info ] [ RUN ] app\admin\controller\Attachment->index[ E:\php\demo\tplay_yz\tplay\app\admin\controller\Attachment.php ]
[ info ] [ VIEW ] E:\php\demo\tplay_yz\tplay\public/../app/admin\view\attachment\index.html [ array (
  0 => 'attachment',
) ]
[ info ] [ LOG ] INIT File
[ sql ] [ DB ] CONNECT:[ UseTime:0.010001s ] mysql:host=127.0.0.1;port=3306;dbname=root;charset=utf8
[ sql ] [ SQL ] SHOW COLUMNS FROM `tplay_urlconfig` [ RunTime:0.004000s ]
[ sql ] [ SQL ] SELECT `aliases`,`url` FROM `tplay_urlconfig` WHERE  `status` = 1 [ RunTime:0.000000s ]
[ sql ] [ SQL ] SHOW COLUMNS FROM `tplay_webconfig` [ RunTime:0.004000s ]
[ sql ] [ SQL ] SELECT `black_ip` FROM `tplay_webconfig` WHERE  `web` = 'web' LIMIT 1 [ RunTime:0.000000s ]
[ sql ] [ SQL ] SHOW COLUMNS FROM `tplay_admin_cate` [ RunTime:0.004000s ]
[ sql ] [ SQL ] SELECT `permissions` FROM `tplay_admin_cate` WHERE  `id` = 1 LIMIT 1 [ RunTime:0.001000s ]
[ sql ] [ SQL ] SHOW COLUMNS FROM `tplay_admin_menu` [ RunTime:0.004001s ]
[ sql ] [ SQL ] SELECT * FROM `tplay_admin_menu` WHERE  `module` = 'admin'  AND `controller` = 'Attachment'  AND `function` = 'index'  AND `type` = 1  AND `parameter` = 'attachment=' LIMIT 1 [ RunTime:0.000000s ]
[ sql ] [ SQL ] SELECT * FROM `tplay_admin_menu` WHERE  `module` = 'admin'  AND `controller` = 'Attachment'  AND `function` = 'index'  AND `type` = 1 LIMIT 1 [ RunTime:0.001000s ]
[ sql ] [ SQL ] SHOW COLUMNS FROM `tplay_attachment` [ RunTime:0.004000s ]
[ sql ] [ SQL ] SELECT COUNT(*) AS tp_count FROM `tplay_attachment` LIMIT 1 [ RunTime:0.001000s ]
[ sql ] [ SQL ] SELECT * FROM `tplay_attachment` ORDER BY create_time desc LIMIT 0,20 [ RunTime:0.000000s ]
[ sql ] [ SQL ] SHOW COLUMNS FROM `tplay_admin` [ RunTime:0.005000s ]
[ sql ] [ SQL ] SELECT * FROM `tplay_admin` WHERE  `id` = 1 LIMIT 1 [ RunTime:0.000000s ]
---------------------------------------------------------------
[ 2018-11-23T22:35:05+08:00 ] 127.0.0.1 GET /admin/menu/index.shtml
[ info ] 127.0.0.1/admin/menu/index.shtml [运行时间：0.208012s][吞吐率：4.81req/s] [内存消耗：2,741.53kb] [文件加载：59]
[ info ] [ LANG ] E:\php\demo\tplay_yz\tplay\thinkphp\lang\zh-cn.php
[ info ] [ DB ] INIT mysql
[ info ] [ ROUTE ] array (
  'type' => 'module',
  'module' => 
  array (
    0 => 'admin',
    1 => 'menu',
    2 => 'index',
  ),
)
[ info ] [ HEADER ] array (
  'cookie' => 'PHPSESSID=ajhhl36k9n9074okvgsht25861; usermember=admin',
  'accept-language' => 'zh-CN,zh;q=0.9',
  'accept-encoding' => 'gzip, deflate, br',
  'referer' => 'http://127.0.0.1/admin/index/index.shtml',
  'accept' => 'text/html,application/xhtml+xml,application/xml;q=0.9,image/webp,image/apng,*/*;q=0.8',
  'user-agent' => 'Mozilla/5.0 (Windows NT 6.1; Win64; x64) AppleWebKit/537.36 (KHTML, like Gecko) Chrome/70.0.3538.110 Safari/537.36',
  'upgrade-insecure-requests' => '1',
  'connection' => 'close',
  'host' => '127.0.0.1',
)
[ info ] [ PARAM ] array (
  '/admin/menu/index_shtml' => '',
)
[ info ] [ SESSION ] INIT array (
  'id' => '',
  'var_session_id' => '',
  'prefix' => 'think',
  'type' => '',
  'auto_start' => true,
)
[ info ] [ RUN ] app\admin\controller\Menu->index[ E:\php\demo\tplay_yz\tplay\app\admin\controller\Menu.php ]
[ info ] [ VIEW ] E:\php\demo\tplay_yz\tplay\public/../app/admin\view\menu\index.html [ array (
  0 => 'menus',
) ]
[ info ] [ LOG ] INIT File
[ sql ] [ DB ] CONNECT:[ UseTime:0.001000s ] mysql:host=127.0.0.1;port=3306;dbname=root;charset=utf8
[ sql ] [ SQL ] SHOW COLUMNS FROM `tplay_urlconfig` [ RunTime:0.004000s ]
[ sql ] [ SQL ] SELECT `aliases`,`url` FROM `tplay_urlconfig` WHERE  `status` = 1 [ RunTime:0.000000s ]
[ sql ] [ SQL ] SHOW COLUMNS FROM `tplay_webconfig` [ RunTime:0.004000s ]
[ sql ] [ SQL ] SELECT `black_ip` FROM `tplay_webconfig` WHERE  `web` = 'web' LIMIT 1 [ RunTime:0.000000s ]
[ sql ] [ SQL ] SHOW COLUMNS FROM `tplay_admin_cate` [ RunTime:0.002000s ]
[ sql ] [ SQL ] SELECT `permissions` FROM `tplay_admin_cate` WHERE  `id` = 1 LIMIT 1 [ RunTime:0.000000s ]
[ sql ] [ SQL ] SHOW COLUMNS FROM `tplay_admin_menu` [ RunTime:0.002000s ]
[ sql ] [ SQL ] SELECT * FROM `tplay_admin_menu` WHERE  `module` = 'admin'  AND `controller` = 'Menu'  AND `function` = 'index'  AND `type` = 1  AND `parameter` = 'menu=' LIMIT 1 [ RunTime:0.000000s ]
[ sql ] [ SQL ] SELECT * FROM `tplay_admin_menu` WHERE  `module` = 'admin'  AND `controller` = 'Menu'  AND `function` = 'index'  AND `type` = 1 LIMIT 1 [ RunTime:0.000000s ]
[ sql ] [ SQL ] SELECT * FROM `tplay_admin_menu` ORDER BY orders asc [ RunTime:0.001000s ]
---------------------------------------------------------------
[ 2018-11-23T22:35:06+08:00 ] 127.0.0.1 GET /admin/attachment/index.shtml
[ info ] 127.0.0.1/admin/attachment/index.shtml [运行时间：0.086005s][吞吐率：11.63req/s] [内存消耗：2,524.75kb] [文件加载：64]
[ info ] [ LANG ] E:\php\demo\tplay_yz\tplay\thinkphp\lang\zh-cn.php
[ info ] [ DB ] INIT mysql
[ info ] [ ROUTE ] array (
  'type' => 'module',
  'module' => 
  array (
    0 => 'admin',
    1 => 'attachment',
    2 => 'index',
  ),
)
[ info ] [ HEADER ] array (
  'cookie' => 'PHPSESSID=ajhhl36k9n9074okvgsht25861; usermember=admin',
  'accept-language' => 'zh-CN,zh;q=0.9',
  'accept-encoding' => 'gzip, deflate, br',
  'referer' => 'http://127.0.0.1/admin/index/index.shtml',
  'accept' => 'text/html,application/xhtml+xml,application/xml;q=0.9,image/webp,image/apng,*/*;q=0.8',
  'user-agent' => 'Mozilla/5.0 (Windows NT 6.1; Win64; x64) AppleWebKit/537.36 (KHTML, like Gecko) Chrome/70.0.3538.110 Safari/537.36',
  'upgrade-insecure-requests' => '1',
  'connection' => 'close',
  'host' => '127.0.0.1',
)
[ info ] [ PARAM ] array (
  '/admin/attachment/index_shtml' => '',
)
[ info ] [ SESSION ] INIT array (
  'id' => '',
  'var_session_id' => '',
  'prefix' => 'think',
  'type' => '',
  'auto_start' => true,
)
[ info ] [ RUN ] app\admin\controller\Attachment->index[ E:\php\demo\tplay_yz\tplay\app\admin\controller\Attachment.php ]
[ info ] [ VIEW ] E:\php\demo\tplay_yz\tplay\public/../app/admin\view\attachment\index.html [ array (
  0 => 'attachment',
) ]
[ info ] [ LOG ] INIT File
[ sql ] [ DB ] CONNECT:[ UseTime:0.001001s ] mysql:host=127.0.0.1;port=3306;dbname=root;charset=utf8
[ sql ] [ SQL ] SHOW COLUMNS FROM `tplay_urlconfig` [ RunTime:0.004000s ]
[ sql ] [ SQL ] SELECT `aliases`,`url` FROM `tplay_urlconfig` WHERE  `status` = 1 [ RunTime:0.000000s ]
[ sql ] [ SQL ] SHOW COLUMNS FROM `tplay_webconfig` [ RunTime:0.003000s ]
[ sql ] [ SQL ] SELECT `black_ip` FROM `tplay_webconfig` WHERE  `web` = 'web' LIMIT 1 [ RunTime:0.001000s ]
[ sql ] [ SQL ] SHOW COLUMNS FROM `tplay_admin_cate` [ RunTime:0.003001s ]
[ sql ] [ SQL ] SELECT `permissions` FROM `tplay_admin_cate` WHERE  `id` = 1 LIMIT 1 [ RunTime:0.001000s ]
[ sql ] [ SQL ] SHOW COLUMNS FROM `tplay_admin_menu` [ RunTime:0.003000s ]
[ sql ] [ SQL ] SELECT * FROM `tplay_admin_menu` WHERE  `module` = 'admin'  AND `controller` = 'Attachment'  AND `function` = 'index'  AND `type` = 1  AND `parameter` = 'attachment=' LIMIT 1 [ RunTime:0.000000s ]
[ sql ] [ SQL ] SELECT * FROM `tplay_admin_menu` WHERE  `module` = 'admin'  AND `controller` = 'Attachment'  AND `function` = 'index'  AND `type` = 1 LIMIT 1 [ RunTime:0.001000s ]
[ sql ] [ SQL ] SHOW COLUMNS FROM `tplay_attachment` [ RunTime:0.004001s ]
[ sql ] [ SQL ] SELECT COUNT(*) AS tp_count FROM `tplay_attachment` LIMIT 1 [ RunTime:0.001000s ]
[ sql ] [ SQL ] SELECT * FROM `tplay_attachment` ORDER BY create_time desc LIMIT 0,20 [ RunTime:0.000000s ]
[ sql ] [ SQL ] SHOW COLUMNS FROM `tplay_admin` [ RunTime:0.004000s ]
[ sql ] [ SQL ] SELECT * FROM `tplay_admin` WHERE  `id` = 1 LIMIT 1 [ RunTime:0.000000s ]
---------------------------------------------------------------
[ 2018-11-23T22:35:07+08:00 ] 127.0.0.1 GET /admin/tomessages/index.shtml
[ info ] 127.0.0.1/admin/tomessages/index.shtml [运行时间：0.198011s][吞吐率：5.05req/s] [内存消耗：2,561.80kb] [文件加载：62]
[ info ] [ LANG ] E:\php\demo\tplay_yz\tplay\thinkphp\lang\zh-cn.php
[ info ] [ DB ] INIT mysql
[ info ] [ ROUTE ] array (
  'type' => 'module',
  'module' => 
  array (
    0 => 'admin',
    1 => 'tomessages',
    2 => 'index',
  ),
)
[ info ] [ HEADER ] array (
  'cookie' => 'PHPSESSID=ajhhl36k9n9074okvgsht25861; usermember=admin',
  'accept-language' => 'zh-CN,zh;q=0.9',
  'accept-encoding' => 'gzip, deflate, br',
  'referer' => 'http://127.0.0.1/admin/index/index.shtml',
  'accept' => 'text/html,application/xhtml+xml,application/xml;q=0.9,image/webp,image/apng,*/*;q=0.8',
  'user-agent' => 'Mozilla/5.0 (Windows NT 6.1; Win64; x64) AppleWebKit/537.36 (KHTML, like Gecko) Chrome/70.0.3538.110 Safari/537.36',
  'upgrade-insecure-requests' => '1',
  'connection' => 'close',
  'host' => '127.0.0.1',
)
[ info ] [ PARAM ] array (
  '/admin/tomessages/index_shtml' => '',
)
[ info ] [ SESSION ] INIT array (
  'id' => '',
  'var_session_id' => '',
  'prefix' => 'think',
  'type' => '',
  'auto_start' => true,
)
[ info ] [ RUN ] app\admin\controller\Tomessages->index[ E:\php\demo\tplay_yz\tplay\app\admin\controller\Tomessages.php ]
[ info ] [ VIEW ] E:\php\demo\tplay_yz\tplay\public/../app/admin\view\tomessages\index.html [ array (
  0 => 'message',
) ]
[ info ] [ LOG ] INIT File
[ sql ] [ DB ] CONNECT:[ UseTime:0.010001s ] mysql:host=127.0.0.1;port=3306;dbname=root;charset=utf8
[ sql ] [ SQL ] SHOW COLUMNS FROM `tplay_urlconfig` [ RunTime:0.003000s ]
[ sql ] [ SQL ] SELECT `aliases`,`url` FROM `tplay_urlconfig` WHERE  `status` = 1 [ RunTime:0.001000s ]
[ sql ] [ SQL ] SHOW COLUMNS FROM `tplay_webconfig` [ RunTime:0.004000s ]
[ sql ] [ SQL ] SELECT `black_ip` FROM `tplay_webconfig` WHERE  `web` = 'web' LIMIT 1 [ RunTime:0.000000s ]
[ sql ] [ SQL ] SHOW COLUMNS FROM `tplay_admin_cate` [ RunTime:0.003000s ]
[ sql ] [ SQL ] SELECT `permissions` FROM `tplay_admin_cate` WHERE  `id` = 1 LIMIT 1 [ RunTime:0.000000s ]
[ sql ] [ SQL ] SHOW COLUMNS FROM `tplay_admin_menu` [ RunTime:0.003000s ]
[ sql ] [ SQL ] SELECT * FROM `tplay_admin_menu` WHERE  `module` = 'admin'  AND `controller` = 'Tomessages'  AND `function` = 'index'  AND `type` = 1  AND `parameter` = 'tomessages=' LIMIT 1 [ RunTime:0.001001s ]
[ sql ] [ SQL ] SELECT * FROM `tplay_admin_menu` WHERE  `module` = 'admin'  AND `controller` = 'Tomessages'  AND `function` = 'index'  AND `type` = 1 LIMIT 1 [ RunTime:0.000000s ]
[ sql ] [ SQL ] SHOW COLUMNS FROM `tplay_messages` [ RunTime:0.004000s ]
[ sql ] [ SQL ] SELECT COUNT(*) AS tp_count FROM `tplay_messages` LIMIT 1 [ RunTime:0.000000s ]
[ sql ] [ SQL ] SELECT * FROM `tplay_messages` ORDER BY create_time desc LIMIT 0,20 [ RunTime:0.000000s ]
---------------------------------------------------------------
[ 2018-11-23T22:35:14+08:00 ] 127.0.0.1 GET /admin/attachment/index.shtml
[ info ] 127.0.0.1/admin/attachment/index.shtml [运行时间：0.101005s][吞吐率：9.90req/s] [内存消耗：2,524.75kb] [文件加载：64]
[ info ] [ LANG ] E:\php\demo\tplay_yz\tplay\thinkphp\lang\zh-cn.php
[ info ] [ DB ] INIT mysql
[ info ] [ ROUTE ] array (
  'type' => 'module',
  'module' => 
  array (
    0 => 'admin',
    1 => 'attachment',
    2 => 'index',
  ),
)
[ info ] [ HEADER ] array (
  'cookie' => 'PHPSESSID=ajhhl36k9n9074okvgsht25861; usermember=admin',
  'accept-language' => 'zh-CN,zh;q=0.9',
  'accept-encoding' => 'gzip, deflate, br',
  'referer' => 'http://127.0.0.1/admin/index/index.shtml',
  'accept' => 'text/html,application/xhtml+xml,application/xml;q=0.9,image/webp,image/apng,*/*;q=0.8',
  'user-agent' => 'Mozilla/5.0 (Windows NT 6.1; Win64; x64) AppleWebKit/537.36 (KHTML, like Gecko) Chrome/70.0.3538.110 Safari/537.36',
  'upgrade-insecure-requests' => '1',
  'connection' => 'close',
  'host' => '127.0.0.1',
)
[ info ] [ PARAM ] array (
  '/admin/attachment/index_shtml' => '',
)
[ info ] [ SESSION ] INIT array (
  'id' => '',
  'var_session_id' => '',
  'prefix' => 'think',
  'type' => '',
  'auto_start' => true,
)
[ info ] [ RUN ] app\admin\controller\Attachment->index[ E:\php\demo\tplay_yz\tplay\app\admin\controller\Attachment.php ]
[ info ] [ VIEW ] E:\php\demo\tplay_yz\tplay\public/../app/admin\view\attachment\index.html [ array (
  0 => 'attachment',
) ]
[ info ] [ LOG ] INIT File
[ sql ] [ DB ] CONNECT:[ UseTime:0.010000s ] mysql:host=127.0.0.1;port=3306;dbname=root;charset=utf8
[ sql ] [ SQL ] SHOW COLUMNS FROM `tplay_urlconfig` [ RunTime:0.004000s ]
[ sql ] [ SQL ] SELECT `aliases`,`url` FROM `tplay_urlconfig` WHERE  `status` = 1 [ RunTime:0.000000s ]
[ sql ] [ SQL ] SHOW COLUMNS FROM `tplay_webconfig` [ RunTime:0.003000s ]
[ sql ] [ SQL ] SELECT `black_ip` FROM `tplay_webconfig` WHERE  `web` = 'web' LIMIT 1 [ RunTime:0.000000s ]
[ sql ] [ SQL ] SHOW COLUMNS FROM `tplay_admin_cate` [ RunTime:0.002001s ]
[ sql ] [ SQL ] SELECT `permissions` FROM `tplay_admin_cate` WHERE  `id` = 1 LIMIT 1 [ RunTime:0.000000s ]
[ sql ] [ SQL ] SHOW COLUMNS FROM `tplay_admin_menu` [ RunTime:0.003000s ]
[ sql ] [ SQL ] SELECT * FROM `tplay_admin_menu` WHERE  `module` = 'admin'  AND `controller` = 'Attachment'  AND `function` = 'index'  AND `type` = 1  AND `parameter` = 'attachment=' LIMIT 1 [ RunTime:0.000000s ]
[ sql ] [ SQL ] SELECT * FROM `tplay_admin_menu` WHERE  `module` = 'admin'  AND `controller` = 'Attachment'  AND `function` = 'index'  AND `type` = 1 LIMIT 1 [ RunTime:0.000000s ]
[ sql ] [ SQL ] SHOW COLUMNS FROM `tplay_attachment` [ RunTime:0.004000s ]
[ sql ] [ SQL ] SELECT COUNT(*) AS tp_count FROM `tplay_attachment` LIMIT 1 [ RunTime:0.000000s ]
[ sql ] [ SQL ] SELECT * FROM `tplay_attachment` ORDER BY create_time desc LIMIT 0,20 [ RunTime:0.000000s ]
[ sql ] [ SQL ] SHOW COLUMNS FROM `tplay_admin` [ RunTime:0.004000s ]
[ sql ] [ SQL ] SELECT * FROM `tplay_admin` WHERE  `id` = 1 LIMIT 1 [ RunTime:0.001000s ]
---------------------------------------------------------------
[ 2018-11-23T22:35:17+08:00 ] 127.0.0.1 GET /admin/article/index.shtml
[ info ] 127.0.0.1/admin/article/index.shtml [运行时间：0.248014s][吞吐率：4.03req/s] [内存消耗：2,598.76kb] [文件加载：62]
[ info ] [ LANG ] E:\php\demo\tplay_yz\tplay\thinkphp\lang\zh-cn.php
[ info ] [ DB ] INIT mysql
[ info ] [ ROUTE ] array (
  'type' => 'module',
  'module' => 
  array (
    0 => 'admin',
    1 => 'article',
    2 => 'index',
  ),
)
[ info ] [ HEADER ] array (
  'cookie' => 'PHPSESSID=ajhhl36k9n9074okvgsht25861; usermember=admin',
  'accept-language' => 'zh-CN,zh;q=0.9',
  'accept-encoding' => 'gzip, deflate, br',
  'referer' => 'http://127.0.0.1/admin/index/index.shtml',
  'accept' => 'text/html,application/xhtml+xml,application/xml;q=0.9,image/webp,image/apng,*/*;q=0.8',
  'user-agent' => 'Mozilla/5.0 (Windows NT 6.1; Win64; x64) AppleWebKit/537.36 (KHTML, like Gecko) Chrome/70.0.3538.110 Safari/537.36',
  'upgrade-insecure-requests' => '1',
  'connection' => 'close',
  'host' => '127.0.0.1',
)
[ info ] [ PARAM ] array (
  '/admin/article/index_shtml' => '',
)
[ info ] [ SESSION ] INIT array (
  'id' => '',
  'var_session_id' => '',
  'prefix' => 'think',
  'type' => '',
  'auto_start' => true,
)
[ info ] [ RUN ] app\admin\controller\Article->index[ E:\php\demo\tplay_yz\tplay\app\admin\controller\Article.php ]
[ info ] [ VIEW ] E:\php\demo\tplay_yz\tplay\public/../app/admin\view\article\index.html [ array (
  0 => 'articles',
  1 => 'info',
) ]
[ info ] [ LOG ] INIT File
[ sql ] [ DB ] CONNECT:[ UseTime:0.010001s ] mysql:host=127.0.0.1;port=3306;dbname=root;charset=utf8
[ sql ] [ SQL ] SHOW COLUMNS FROM `tplay_urlconfig` [ RunTime:0.004000s ]
[ sql ] [ SQL ] SELECT `aliases`,`url` FROM `tplay_urlconfig` WHERE  `status` = 1 [ RunTime:0.000000s ]
[ sql ] [ SQL ] SHOW COLUMNS FROM `tplay_webconfig` [ RunTime:0.004000s ]
[ sql ] [ SQL ] SELECT `black_ip` FROM `tplay_webconfig` WHERE  `web` = 'web' LIMIT 1 [ RunTime:0.000000s ]
[ sql ] [ SQL ] SHOW COLUMNS FROM `tplay_admin_cate` [ RunTime:0.005001s ]
[ sql ] [ SQL ] SELECT `permissions` FROM `tplay_admin_cate` WHERE  `id` = 1 LIMIT 1 [ RunTime:0.000000s ]
[ sql ] [ SQL ] SHOW COLUMNS FROM `tplay_admin_menu` [ RunTime:0.005000s ]
[ sql ] [ SQL ] SELECT * FROM `tplay_admin_menu` WHERE  `module` = 'admin'  AND `controller` = 'Article'  AND `function` = 'index'  AND `type` = 1  AND `parameter` = 'article=' LIMIT 1 [ RunTime:0.000000s ]
[ sql ] [ SQL ] SELECT * FROM `tplay_admin_menu` WHERE  `module` = 'admin'  AND `controller` = 'Article'  AND `function` = 'index'  AND `type` = 1 LIMIT 1 [ RunTime:0.000000s ]
[ sql ] [ SQL ] SHOW COLUMNS FROM `tplay_article` [ RunTime:0.004001s ]
[ sql ] [ SQL ] SELECT COUNT(*) AS tp_count FROM `tplay_article` LIMIT 1 [ RunTime:0.001000s ]
[ sql ] [ SQL ] SELECT * FROM `tplay_article` ORDER BY create_time desc LIMIT 0,20 [ RunTime:0.000000s ]
[ sql ] [ SQL ] SHOW COLUMNS FROM `tplay_article_cate` [ RunTime:0.003000s ]
[ sql ] [ SQL ] SELECT * FROM `tplay_article_cate` [ RunTime:0.000000s ]
[ sql ] [ SQL ] SHOW COLUMNS FROM `tplay_admin` [ RunTime:0.003000s ]
[ sql ] [ SQL ] SELECT * FROM `tplay_admin` [ RunTime:0.000000s ]
---------------------------------------------------------------
[ 2018-11-23T22:35:17+08:00 ] 127.0.0.1 GET /admin/articlecate/index.shtml
[ info ] 127.0.0.1/admin/articlecate/index.shtml [运行时间：0.172010s][吞吐率：5.81req/s] [内存消耗：2,487.44kb] [文件加载：59]
[ info ] [ LANG ] E:\php\demo\tplay_yz\tplay\thinkphp\lang\zh-cn.php
[ info ] [ DB ] INIT mysql
[ info ] [ ROUTE ] array (
  'type' => 'module',
  'module' => 
  array (
    0 => 'admin',
    1 => 'articlecate',
    2 => 'index',
  ),
)
[ info ] [ HEADER ] array (
  'cookie' => 'PHPSESSID=ajhhl36k9n9074okvgsht25861; usermember=admin',
  'accept-language' => 'zh-CN,zh;q=0.9',
  'accept-encoding' => 'gzip, deflate, br',
  'referer' => 'http://127.0.0.1/admin/index/index.shtml',
  'accept' => 'text/html,application/xhtml+xml,application/xml;q=0.9,image/webp,image/apng,*/*;q=0.8',
  'user-agent' => 'Mozilla/5.0 (Windows NT 6.1; Win64; x64) AppleWebKit/537.36 (KHTML, like Gecko) Chrome/70.0.3538.110 Safari/537.36',
  'upgrade-insecure-requests' => '1',
  'connection' => 'close',
  'host' => '127.0.0.1',
)
[ info ] [ PARAM ] array (
  '/admin/articlecate/index_shtml' => '',
)
[ info ] [ SESSION ] INIT array (
  'id' => '',
  'var_session_id' => '',
  'prefix' => 'think',
  'type' => '',
  'auto_start' => true,
)
[ info ] [ RUN ] app\admin\controller\Articlecate->index[ E:\php\demo\tplay_yz\tplay\app\admin\controller\Articlecate.php ]
[ info ] [ VIEW ] E:\php\demo\tplay_yz\tplay\public/../app/admin\view\articlecate\index.html [ array (
  0 => 'cates',
) ]
[ info ] [ LOG ] INIT File
[ sql ] [ DB ] CONNECT:[ UseTime:0.010000s ] mysql:host=127.0.0.1;port=3306;dbname=root;charset=utf8
[ sql ] [ SQL ] SHOW COLUMNS FROM `tplay_urlconfig` [ RunTime:0.004000s ]
[ sql ] [ SQL ] SELECT `aliases`,`url` FROM `tplay_urlconfig` WHERE  `status` = 1 [ RunTime:0.000000s ]
[ sql ] [ SQL ] SHOW COLUMNS FROM `tplay_webconfig` [ RunTime:0.005000s ]
[ sql ] [ SQL ] SELECT `black_ip` FROM `tplay_webconfig` WHERE  `web` = 'web' LIMIT 1 [ RunTime:0.000000s ]
[ sql ] [ SQL ] SHOW COLUMNS FROM `tplay_admin_cate` [ RunTime:0.003001s ]
[ sql ] [ SQL ] SELECT `permissions` FROM `tplay_admin_cate` WHERE  `id` = 1 LIMIT 1 [ RunTime:0.001000s ]
[ sql ] [ SQL ] SHOW COLUMNS FROM `tplay_admin_menu` [ RunTime:0.003000s ]
[ sql ] [ SQL ] SELECT * FROM `tplay_admin_menu` WHERE  `module` = 'admin'  AND `controller` = 'Articlecate'  AND `function` = 'index'  AND `type` = 1  AND `parameter` = 'articlecate=' LIMIT 1 [ RunTime:0.000000s ]
[ sql ] [ SQL ] SELECT * FROM `tplay_admin_menu` WHERE  `module` = 'admin'  AND `controller` = 'Articlecate'  AND `function` = 'index'  AND `type` = 1 LIMIT 1 [ RunTime:0.000000s ]
[ sql ] [ SQL ] SHOW COLUMNS FROM `tplay_article_cate` [ RunTime:0.003000s ]
[ sql ] [ SQL ] SELECT * FROM `tplay_article_cate` [ RunTime:0.001000s ]
---------------------------------------------------------------
[ 2018-11-23T22:35:20+08:00 ] 127.0.0.1 GET /admin/articlecate/index.shtml
[ info ] 127.0.0.1/admin/articlecate/index.shtml [运行时间：0.096005s][吞吐率：10.42req/s] [内存消耗：2,366.01kb] [文件加载：57]
[ info ] [ LANG ] E:\php\demo\tplay_yz\tplay\thinkphp\lang\zh-cn.php
[ info ] [ DB ] INIT mysql
[ info ] [ ROUTE ] array (
  'type' => 'module',
  'module' => 
  array (
    0 => 'admin',
    1 => 'articlecate',
    2 => 'index',
  ),
)
[ info ] [ HEADER ] array (
  'cookie' => 'PHPSESSID=ajhhl36k9n9074okvgsht25861; usermember=admin',
  'accept-language' => 'zh-CN,zh;q=0.9',
  'accept-encoding' => 'gzip, deflate, br',
  'referer' => 'http://127.0.0.1/admin/index/index.shtml',
  'accept' => 'text/html,application/xhtml+xml,application/xml;q=0.9,image/webp,image/apng,*/*;q=0.8',
  'user-agent' => 'Mozilla/5.0 (Windows NT 6.1; Win64; x64) AppleWebKit/537.36 (KHTML, like Gecko) Chrome/70.0.3538.110 Safari/537.36',
  'upgrade-insecure-requests' => '1',
  'connection' => 'close',
  'host' => '127.0.0.1',
)
[ info ] [ PARAM ] array (
  '/admin/articlecate/index_shtml' => '',
)
[ info ] [ SESSION ] INIT array (
  'id' => '',
  'var_session_id' => '',
  'prefix' => 'think',
  'type' => '',
  'auto_start' => true,
)
[ info ] [ RUN ] app\admin\controller\Articlecate->index[ E:\php\demo\tplay_yz\tplay\app\admin\controller\Articlecate.php ]
[ info ] [ VIEW ] E:\php\demo\tplay_yz\tplay\public/../app/admin\view\articlecate\index.html [ array (
  0 => 'cates',
) ]
[ info ] [ LOG ] INIT File
[ sql ] [ DB ] CONNECT:[ UseTime:0.001000s ] mysql:host=127.0.0.1;port=3306;dbname=root;charset=utf8
[ sql ] [ SQL ] SHOW COLUMNS FROM `tplay_urlconfig` [ RunTime:0.005000s ]
[ sql ] [ SQL ] SELECT `aliases`,`url` FROM `tplay_urlconfig` WHERE  `status` = 1 [ RunTime:0.000000s ]
[ sql ] [ SQL ] SHOW COLUMNS FROM `tplay_webconfig` [ RunTime:0.004001s ]
[ sql ] [ SQL ] SELECT `black_ip` FROM `tplay_webconfig` WHERE  `web` = 'web' LIMIT 1 [ RunTime:0.000000s ]
[ sql ] [ SQL ] SHOW COLUMNS FROM `tplay_admin_cate` [ RunTime:0.004000s ]
[ sql ] [ SQL ] SELECT `permissions` FROM `tplay_admin_cate` WHERE  `id` = 1 LIMIT 1 [ RunTime:0.001000s ]
[ sql ] [ SQL ] SHOW COLUMNS FROM `tplay_admin_menu` [ RunTime:0.004000s ]
[ sql ] [ SQL ] SELECT * FROM `tplay_admin_menu` WHERE  `module` = 'admin'  AND `controller` = 'Articlecate'  AND `function` = 'index'  AND `type` = 1  AND `parameter` = 'articlecate=' LIMIT 1 [ RunTime:0.000000s ]
[ sql ] [ SQL ] SELECT * FROM `tplay_admin_menu` WHERE  `module` = 'admin'  AND `controller` = 'Articlecate'  AND `function` = 'index'  AND `type` = 1 LIMIT 1 [ RunTime:0.001000s ]
[ sql ] [ SQL ] SHOW COLUMNS FROM `tplay_article_cate` [ RunTime:0.004001s ]
[ sql ] [ SQL ] SELECT * FROM `tplay_article_cate` [ RunTime:0.000000s ]
---------------------------------------------------------------
[ 2018-11-23T22:35:28+08:00 ] 127.0.0.1 GET /admin/article/publish.shtml
[ info ] 127.0.0.1/admin/article/publish.shtml [运行时间：0.207012s][吞吐率：4.83req/s] [内存消耗：2,518.77kb] [文件加载：61]
[ info ] [ LANG ] E:\php\demo\tplay_yz\tplay\thinkphp\lang\zh-cn.php
[ info ] [ DB ] INIT mysql
[ info ] [ ROUTE ] array (
  'type' => 'module',
  'module' => 
  array (
    0 => 'admin',
    1 => 'article',
    2 => 'publish',
  ),
)
[ info ] [ HEADER ] array (
  'cookie' => 'PHPSESSID=ajhhl36k9n9074okvgsht25861; usermember=admin',
  'accept-language' => 'zh-CN,zh;q=0.9',
  'accept-encoding' => 'gzip, deflate, br',
  'referer' => 'http://127.0.0.1/admin/article/index.shtml',
  'user-agent' => 'Mozilla/5.0 (Windows NT 6.1; Win64; x64) AppleWebKit/537.36 (KHTML, like Gecko) Chrome/70.0.3538.110 Safari/537.36',
  'x-requested-with' => 'XMLHttpRequest',
  'accept' => '*/*',
  'connection' => 'close',
  'host' => '127.0.0.1',
)
[ info ] [ PARAM ] array (
  '/admin/article/publish_shtml' => '',
)
[ info ] [ SESSION ] INIT array (
  'id' => '',
  'var_session_id' => '',
  'prefix' => 'think',
  'type' => '',
  'auto_start' => true,
)
[ info ] [ RUN ] app\admin\controller\Article->publish[ E:\php\demo\tplay_yz\tplay\app\admin\controller\Article.php ]
[ info ] [ VIEW ] E:\php\demo\tplay_yz\tplay\public/../app/admin\view\article\publish.html [ array (
  0 => 'cates',
) ]
[ info ] [ LOG ] INIT File
[ sql ] [ DB ] CONNECT:[ UseTime:0.001000s ] mysql:host=127.0.0.1;port=3306;dbname=root;charset=utf8
[ sql ] [ SQL ] SHOW COLUMNS FROM `tplay_urlconfig` [ RunTime:0.004000s ]
[ sql ] [ SQL ] SELECT `aliases`,`url` FROM `tplay_urlconfig` WHERE  `status` = 1 [ RunTime:0.000000s ]
[ sql ] [ SQL ] SHOW COLUMNS FROM `tplay_webconfig` [ RunTime:0.004000s ]
[ sql ] [ SQL ] SELECT `black_ip` FROM `tplay_webconfig` WHERE  `web` = 'web' LIMIT 1 [ RunTime:0.000000s ]
[ sql ] [ SQL ] SHOW COLUMNS FROM `tplay_admin_cate` [ RunTime:0.003000s ]
[ sql ] [ SQL ] SELECT `permissions` FROM `tplay_admin_cate` WHERE  `id` = 1 LIMIT 1 [ RunTime:0.000000s ]
[ sql ] [ SQL ] SHOW COLUMNS FROM `tplay_admin_menu` [ RunTime:0.003001s ]
[ sql ] [ SQL ] SELECT * FROM `tplay_admin_menu` WHERE  `module` = 'admin'  AND `controller` = 'Article'  AND `function` = 'publish'  AND `type` = 1  AND `parameter` = 'article=' LIMIT 1 [ RunTime:0.000000s ]
[ sql ] [ SQL ] SELECT * FROM `tplay_admin_menu` WHERE  `module` = 'admin'  AND `controller` = 'Article'  AND `function` = 'publish'  AND `type` = 1 LIMIT 1 [ RunTime:0.001000s ]
[ sql ] [ SQL ] SHOW COLUMNS FROM `tplay_article_cate` [ RunTime:0.003000s ]
[ sql ] [ SQL ] SELECT * FROM `tplay_article_cate` [ RunTime:0.000000s ]
---------------------------------------------------------------
[ 2018-11-23T22:35:28+08:00 ] 127.0.0.1 GET /admin/article/publish.shtml
[ info ] 127.0.0.1/admin/article/publish.shtml [运行时间：0.080005s][吞吐率：12.50req/s] [内存消耗：2,389.59kb] [文件加载：58]
[ info ] [ LANG ] E:\php\demo\tplay_yz\tplay\thinkphp\lang\zh-cn.php
[ info ] [ DB ] INIT mysql
[ info ] [ ROUTE ] array (
  'type' => 'module',
  'module' => 
  array (
    0 => 'admin',
    1 => 'article',
    2 => 'publish',
  ),
)
[ info ] [ HEADER ] array (
  'cookie' => 'PHPSESSID=ajhhl36k9n9074okvgsht25861; usermember=admin',
  'accept-language' => 'zh-CN,zh;q=0.9',
  'accept-encoding' => 'gzip, deflate, br',
  'referer' => 'http://127.0.0.1/admin/article/index.shtml',
  'accept' => 'text/html,application/xhtml+xml,application/xml;q=0.9,image/webp,image/apng,*/*;q=0.8',
  'user-agent' => 'Mozilla/5.0 (Windows NT 6.1; Win64; x64) AppleWebKit/537.36 (KHTML, like Gecko) Chrome/70.0.3538.110 Safari/537.36',
  'upgrade-insecure-requests' => '1',
  'connection' => 'close',
  'host' => '127.0.0.1',
)
[ info ] [ PARAM ] array (
  '/admin/article/publish_shtml' => '',
)
[ info ] [ SESSION ] INIT array (
  'id' => '',
  'var_session_id' => '',
  'prefix' => 'think',
  'type' => '',
  'auto_start' => true,
)
[ info ] [ RUN ] app\admin\controller\Article->publish[ E:\php\demo\tplay_yz\tplay\app\admin\controller\Article.php ]
[ info ] [ VIEW ] E:\php\demo\tplay_yz\tplay\public/../app/admin\view\article\publish.html [ array (
  0 => 'cates',
) ]
[ info ] [ LOG ] INIT File
[ sql ] [ DB ] CONNECT:[ UseTime:0.010001s ] mysql:host=127.0.0.1;port=3306;dbname=root;charset=utf8
[ sql ] [ SQL ] SHOW COLUMNS FROM `tplay_urlconfig` [ RunTime:0.004000s ]
[ sql ] [ SQL ] SELECT `aliases`,`url` FROM `tplay_urlconfig` WHERE  `status` = 1 [ RunTime:0.000000s ]
[ sql ] [ SQL ] SHOW COLUMNS FROM `tplay_webconfig` [ RunTime:0.004001s ]
[ sql ] [ SQL ] SELECT `black_ip` FROM `tplay_webconfig` WHERE  `web` = 'web' LIMIT 1 [ RunTime:0.000000s ]
[ sql ] [ SQL ] SHOW COLUMNS FROM `tplay_admin_cate` [ RunTime:0.004000s ]
[ sql ] [ SQL ] SELECT `permissions` FROM `tplay_admin_cate` WHERE  `id` = 1 LIMIT 1 [ RunTime:0.000000s ]
[ sql ] [ SQL ] SHOW COLUMNS FROM `tplay_admin_menu` [ RunTime:0.004000s ]
[ sql ] [ SQL ] SELECT * FROM `tplay_admin_menu` WHERE  `module` = 'admin'  AND `controller` = 'Article'  AND `function` = 'publish'  AND `type` = 1  AND `parameter` = 'article=' LIMIT 1 [ RunTime:0.000000s ]
[ sql ] [ SQL ] SELECT * FROM `tplay_admin_menu` WHERE  `module` = 'admin'  AND `controller` = 'Article'  AND `function` = 'publish'  AND `type` = 1 LIMIT 1 [ RunTime:0.001000s ]
[ sql ] [ SQL ] SHOW COLUMNS FROM `tplay_article_cate` [ RunTime:0.003001s ]
[ sql ] [ SQL ] SELECT * FROM `tplay_article_cate` [ RunTime:0.000000s ]
